Using launch settings from D:\PRN232\PRN232.LMS.API\Properties\launchSettings.json...
Building...
info: Microsoft.EntityFrameworkCore.Database.Command[20101]
      Executed DbCommand (15ms) [Parameters=[], CommandType='Text', CommandTimeout='30']
      SELECT 1
info: Microsoft.EntityFrameworkCore.Migrations[20411]
      Acquiring an exclusive lock for migration application. See https://aka.ms/efcore-docs-migrations-lock for more information if this takes too long.
info: Microsoft.EntityFrameworkCore.Database.Command[20101]
      Executed DbCommand (10ms) [Parameters=[], CommandType='Text', CommandTimeout='30']
      DECLARE @result int;
      EXEC @result = sp_getapplock @Resource = '__EFMigrationsLock', @LockOwner = 'Session', @LockMode = 'Exclusive';
      SELECT @result
info: Microsoft.EntityFrameworkCore.Database.Command[20101]
      Executed DbCommand (1ms) [Parameters=[], CommandType='Text', CommandTimeout='30']
      IF OBJECT_ID(N'[__EFMigrationsHistory]') IS NULL
      BEGIN
          CREATE TABLE [__EFMigrationsHistory] (
              [MigrationId] nvarchar(150) NOT NULL,
              [ProductVersion] nvarchar(32) NOT NULL,
              CONSTRAINT [PK___EFMigrationsHistory] PRIMARY KEY ([MigrationId])
          );
      END;
info: Microsoft.EntityFrameworkCore.Database.Command[20101]
      Executed DbCommand (0ms) [Parameters=[], CommandType='Text', CommandTimeout='30']
      SELECT 1
info: Microsoft.EntityFrameworkCore.Database.Command[20101]
      Executed DbCommand (0ms) [Parameters=[], CommandType='Text', CommandTimeout='30']
      SELECT OBJECT_ID(N'[__EFMigrationsHistory]');
info: Microsoft.EntityFrameworkCore.Database.Command[20101]
      Executed DbCommand (1ms) [Parameters=[], CommandType='Text', CommandTimeout='30']
      SELECT [MigrationId], [ProductVersion]
      FROM [__EFMigrationsHistory]
      ORDER BY [MigrationId];
info: Microsoft.EntityFrameworkCore.Migrations[20405]
      No migrations were applied. The database is already up to date.
info: Microsoft.EntityFrameworkCore.Database.Command[20101]
      Executed DbCommand (0ms) [Parameters=[], CommandType='Text', CommandTimeout='30']
      DECLARE @result int;
      EXEC @result = sp_releaseapplock @Resource = '__EFMigrationsLock', @LockOwner = 'Session';
      SELECT @result
info: Microsoft.Hosting.Lifetime[14]
      Now listening on: http://localhost:7000
info: Microsoft.Hosting.Lifetime[0]
      Application started. Press Ctrl+C to shut down.
info: Microsoft.Hosting.Lifetime[0]
      Hosting environment: Development
info: Microsoft.Hosting.Lifetime[0]
      Content root path: D:\PRN232\PRN232.LMS.API
warn: Microsoft.AspNetCore.HttpsPolicy.HttpsRedirectionMiddleware[3]
      Failed to determine the https port for redirect.
info: Microsoft.EntityFrameworkCore.Database.Command[20101]
      Executed DbCommand (11ms) [Parameters=[], CommandType='Text', CommandTimeout='30']
      SELECT COUNT(*)
      FROM [Enrollments] AS [e]
info: Microsoft.EntityFrameworkCore.Database.Command[20101]
      Executed DbCommand (115ms) [Parameters=[@__p_0='?' (DbType = Int32), @__p_1='?' (DbType = Int32)], CommandType='Text', CommandTimeout='30']
      SELECT [e0].[EnrollmentId], [e0].[CourseId], [e0].[EnrollDate], [e0].[Status], [e0].[StudentId], [s].[StudentId], [s].[DateOfBirth], [s].[Email], [s].[FullName]
      FROM (
          SELECT [e].[EnrollmentId], [e].[CourseId], [e].[EnrollDate], [e].[Status], [e].[StudentId]
          FROM [Enrollments] AS [e]
          ORDER BY [e].[EnrollmentId]
          OFFSET @__p_0 ROWS FETCH NEXT @__p_1 ROWS ONLY
      ) AS [e0]
      INNER JOIN [Students] AS [s] ON [e0].[StudentId] = [s].[StudentId]
      ORDER BY [e0].[EnrollmentId]
info: Microsoft.EntityFrameworkCore.Database.Command[20101]
      Executed DbCommand (1ms) [Parameters=[], CommandType='Text', CommandTimeout='30']
      SELECT COUNT(*)
      FROM [Enrollments] AS [e]
info: Microsoft.EntityFrameworkCore.Database.Command[20101]
      Executed DbCommand (1ms) [Parameters=[@__p_0='?' (DbType = Int32), @__p_1='?' (DbType = Int32)], CommandType='Text', CommandTimeout='30']
      SELECT [e0].[EnrollmentId], [e0].[CourseId], [e0].[EnrollDate], [e0].[Status], [e0].[StudentId], [s].[StudentId], [s].[DateOfBirth], [s].[Email], [s].[FullName]
      FROM (
          SELECT [e].[EnrollmentId], [e].[CourseId], [e].[EnrollDate], [e].[Status], [e].[StudentId]
          FROM [Enrollments] AS [e]
          ORDER BY [e].[EnrollmentId]
          OFFSET @__p_0 ROWS FETCH NEXT @__p_1 ROWS ONLY
      ) AS [e0]
      INNER JOIN [Students] AS [s] ON [e0].[StudentId] = [s].[StudentId]
      ORDER BY [e0].[EnrollmentId]
info: Microsoft.EntityFrameworkCore.Database.Command[20101]
      Executed DbCommand (1ms) [Parameters=[], CommandType='Text', CommandTimeout='30']
      SELECT COUNT(*)
      FROM [Enrollments] AS [e]
info: Microsoft.EntityFrameworkCore.Database.Command[20101]
      Executed DbCommand (0ms) [Parameters=[@__p_0='?' (DbType = Int32), @__p_1='?' (DbType = Int32)], CommandType='Text', CommandTimeout='30']
      SELECT [e0].[EnrollmentId], [e0].[CourseId], [e0].[EnrollDate], [e0].[Status], [e0].[StudentId], [s].[StudentId], [s].[DateOfBirth], [s].[Email], [s].[FullName]
      FROM (
          SELECT [e].[EnrollmentId], [e].[CourseId], [e].[EnrollDate], [e].[Status], [e].[StudentId]
          FROM [Enrollments] AS [e]
          ORDER BY [e].[EnrollmentId]
          OFFSET @__p_0 ROWS FETCH NEXT @__p_1 ROWS ONLY
      ) AS [e0]
      INNER JOIN [Students] AS [s] ON [e0].[StudentId] = [s].[StudentId]
      ORDER BY [e0].[EnrollmentId]
info: Microsoft.EntityFrameworkCore.Database.Command[20101]
      Executed DbCommand (1ms) [Parameters=[], CommandType='Text', CommandTimeout='30']
      SELECT COUNT(*)
      FROM [Enrollments] AS [e]
info: Microsoft.EntityFrameworkCore.Database.Command[20101]
      Executed DbCommand (7ms) [Parameters=[@__p_0='?' (DbType = Int32), @__p_1='?' (DbType = Int32)], CommandType='Text', CommandTimeout='30']
      SELECT [e0].[EnrollmentId], [e0].[CourseId], [e0].[EnrollDate], [e0].[Status], [e0].[StudentId], [c].[CourseId], [c].[CourseName], [c].[SemesterId], [c].[SubjectId]
      FROM (
          SELECT [e].[EnrollmentId], [e].[CourseId], [e].[EnrollDate], [e].[Status], [e].[StudentId]
          FROM [Enrollments] AS [e]
          ORDER BY [e].[EnrollmentId]
          OFFSET @__p_0 ROWS FETCH NEXT @__p_1 ROWS ONLY
      ) AS [e0]
      INNER JOIN [Courses] AS [c] ON [e0].[CourseId] = [c].[CourseId]
      ORDER BY [e0].[EnrollmentId]
info: Microsoft.EntityFrameworkCore.Database.Command[20101]
      Executed DbCommand (0ms) [Parameters=[], CommandType='Text', CommandTimeout='30']
      SELECT COUNT(*)
      FROM [Enrollments] AS [e]
info: Microsoft.EntityFrameworkCore.Database.Command[20101]
      Executed DbCommand (1ms) [Parameters=[@__p_0='?' (DbType = Int32), @__p_1='?' (DbType = Int32)], CommandType='Text', CommandTimeout='30']
      SELECT [e0].[EnrollmentId], [e0].[CourseId], [e0].[EnrollDate], [e0].[Status], [e0].[StudentId], [c].[CourseId], [c].[CourseName], [c].[SemesterId], [c].[SubjectId]
      FROM (
          SELECT [e].[EnrollmentId], [e].[CourseId], [e].[EnrollDate], [e].[Status], [e].[StudentId]
          FROM [Enrollments] AS [e]
          ORDER BY [e].[EnrollmentId]
          OFFSET @__p_0 ROWS FETCH NEXT @__p_1 ROWS ONLY
      ) AS [e0]
      INNER JOIN [Courses] AS [c] ON [e0].[CourseId] = [c].[CourseId]
      ORDER BY [e0].[EnrollmentId]
info: Microsoft.EntityFrameworkCore.Database.Command[20101]
      Executed DbCommand (1ms) [Parameters=[], CommandType='Text', CommandTimeout='30']
      SELECT COUNT(*)
      FROM [Enrollments] AS [e]
info: Microsoft.EntityFrameworkCore.Database.Command[20101]
      Executed DbCommand (7ms) [Parameters=[@__p_0='?' (DbType = Int32), @__p_1='?' (DbType = Int32)], CommandType='Text', CommandTimeout='30']
      SELECT [e0].[EnrollmentId], [e0].[CourseId], [e0].[EnrollDate], [e0].[Status], [e0].[StudentId], [c].[CourseId], [c].[CourseName], [c].[SemesterId], [c].[SubjectId], [s].[SemesterId], [s].[EndDate], [s].[SemesterName], [s].[StartDate]
      FROM (
          SELECT [e].[EnrollmentId], [e].[CourseId], [e].[EnrollDate], [e].[Status], [e].[StudentId]
          FROM [Enrollments] AS [e]
          ORDER BY [e].[EnrollmentId]
          OFFSET @__p_0 ROWS FETCH NEXT @__p_1 ROWS ONLY
      ) AS [e0]
      INNER JOIN [Courses] AS [c] ON [e0].[CourseId] = [c].[CourseId]
      INNER JOIN [Semesters] AS [s] ON [c].[SemesterId] = [s].[SemesterId]
      ORDER BY [e0].[EnrollmentId]
